0 info it worked if it ends with ok
1 verbose cli [ 'C:\\Program Files\\nodejs\\node.exe',
1 verbose cli   'C:\\Program Files\\nodejs\\node_modules\\npm\\bin\\npm-cli.js',
1 verbose cli   'start' ]
2 info using npm@3.10.10
3 info using node@v6.10.2
4 verbose run-script [ 'prestart', 'start', 'poststart' ]
5 info lifecycle Cryptovalue-React@0.1.0~prestart: Cryptovalue-React@0.1.0
6 silly lifecycle Cryptovalue-React@0.1.0~prestart: no script for prestart, continuing
7 info lifecycle Cryptovalue-React@0.1.0~start: Cryptovalue-React@0.1.0
8 verbose lifecycle Cryptovalue-React@0.1.0~start: unsafe-perm in lifecycle true
9 verbose lifecycle Cryptovalue-React@0.1.0~start: PATH: C:\Program Files\nodejs\node_modules\npm\bin\node-gyp-bin;X:\Documents\reactjs\Cryptovalue-React\node_modules\.bin;C:\python\Scripts\;C:\python\;C:\ProgramData\Oracle\Java\javapath;C:\Windows\system32;C:\Windows;C:\Windows\System32\Wbem;C:\Windows\System32\WindowsPowerShell\v1.0\;C:\Program Files\Java\jdk1.7.0_79\bin;C:\Program Files (x86)\AMD\ATI.ACE\Core-Static;C:\Program Files\Microsoft SQL Server\130\Tools\Binn\;C:\Users\Aymen\Documents\Android\SDK\platform-tools;C:\Users\Aymen\Documents\Android\SDK;C:\python;C:\Program Files (x86)\GtkSharp\2.12\bin;C:\ProgramData\chocolatey\bin;C:\Program Files\nodejs\;C:\Program Files (x86)\Miniconda3\Scripts;C:\Users\Aymen\AppData\Local\Microsoft\WindowsApps;C:\Users\Aymen\AppData\Local\.meteor\;C:\Users\Aymen\AppData\Roaming\npm;C:\Program Files (x86)\Microsoft VS Code\bin;X:\AndroidSDK\platform-tools;C:\Users\Aymen\AppData\Local\GitHubDesktop\bin;C:\Users\Aymen\AppData\Local\atom\bin
10 verbose lifecycle Cryptovalue-React@0.1.0~start: CWD: X:\Documents\reactjs\Cryptovalue-React
11 silly lifecycle Cryptovalue-React@0.1.0~start: Args: [ '/d /s /c', 'react-scripts start' ]
12 silly lifecycle Cryptovalue-React@0.1.0~start: Returned: code: 3221225786  signal: null
13 info lifecycle Cryptovalue-React@0.1.0~start: Failed to exec start script
14 verbose stack Error: Cryptovalue-React@0.1.0 start: `react-scripts start`
14 verbose stack Exit status 3221225786
14 verbose stack     at EventEmitter.<anonymous> (C:\Program Files\nodejs\node_modules\npm\lib\utils\lifecycle.js:255:16)
14 verbose stack     at emitTwo (events.js:106:13)
14 verbose stack     at EventEmitter.emit (events.js:191:7)
14 verbose stack     at ChildProcess.<anonymous> (C:\Program Files\nodejs\node_modules\npm\lib\utils\spawn.js:40:14)
14 verbose stack     at emitTwo (events.js:106:13)
14 verbose stack     at ChildProcess.emit (events.js:191:7)
14 verbose stack     at maybeClose (internal/child_process.js:886:16)
14 verbose stack     at Process.ChildProcess._handle.onexit (internal/child_process.js:226:5)
15 verbose pkgid Cryptovalue-React@0.1.0
16 verbose cwd X:\Documents\reactjs\Cryptovalue-React\src
17 error Windows_NT 10.0.14393
18 error argv "C:\\Program Files\\nodejs\\node.exe" "C:\\Program Files\\nodejs\\node_modules\\npm\\bin\\npm-cli.js" "start"
19 error node v6.10.2
20 error npm  v3.10.10
21 error code ELIFECYCLE
22 error Cryptovalue-React@0.1.0 start: `react-scripts start`
22 error Exit status 3221225786
23 error Failed at the Cryptovalue-React@0.1.0 start script 'react-scripts start'.
23 error Make sure you have the latest version of node.js and npm installed.
23 error If you do, this is most likely a problem with the Cryptovalue-React package,
23 error not with npm itself.
23 error Tell the author that this fails on your system:
23 error     react-scripts start
23 error You can get information on how to open an issue for this project with:
23 error     npm bugs Cryptovalue-React
23 error Or if that isn't available, you can get their info via:
23 error     npm owner ls Cryptovalue-React
23 error There is likely additional logging output above.
24 verbose exit [ 1, true ]
